
##########################################
2025-12-17 09:55:40
签到失败，请重试
>正在清理点赞: 335400777
>清赞成功
>正在清理点赞: 335402071
>清赞成功
>正在清理点赞: 335400691
>清赞成功
正在完成任务: 26-本日通过和平营地启动1次游戏
>任务失败: 26-本日通过和平营地启动1次游戏
正在完成任务: 27-本日取胜1局计分模式（前五）
>任务失败: 27-本日取胜1局计分模式（前五）
正在完成任务: 28-本日为资讯点赞3次
>任务成功: 28-本日为资讯点赞3次
领取任务奖励失败，请重试
正在完成任务: 29-本日为动态点赞3次
>任务成功: 29-本日为动态点赞3次
领取任务奖励失败，请重试
正在完成任务: 30-本日浏览资讯5分钟
>任务成功: 30-本日浏览资讯5分钟
领取任务奖励失败，请重试
正在完成任务: 31-本日观看直播5分钟
>任务成功: 31-本日观看直播5分钟
领取任务奖励失败，请重试
领取任务奖励失败，请重试
领取任务奖励失败，请重试
正在完成任务: 35-本周分享战绩周报到社交网络
>任务成功: 35-本周分享战绩周报到社交网络
领取任务奖励失败，请重试
正在完成任务: 36-观看PEL赛事直播5分钟
>任务成功: 36-观看PEL赛事直播5分钟
领取任务奖励失败，请重试
##########################################
2025-12-18 00:32:20
签到失败，请重试
>正在清理点赞: 1103952246
>清赞成功
>正在清理点赞: 1103952225
>清赞成功
>正在清理点赞: 1103952325
>清赞成功
>正在清理点赞: 335400777
>清赞成功
>正在清理点赞: 335402071
>清赞成功
>正在清理点赞: 335400691
>清赞成功
正在完成任务: 26-本日通过和平营地启动1次游戏
>任务失败: 26-本日通过和平营地启动1次游戏
正在完成任务: 27-本日取胜1局计分模式（前五）
>任务失败: 27-本日取胜1局计分模式（前五）
正在完成任务: 28-本日为资讯点赞3次
>任务成功: 28-本日为资讯点赞3次
领取任务奖励失败，请重试
正在完成任务: 29-本日为动态点赞3次
>任务成功: 29-本日为动态点赞3次
领取任务奖励失败，请重试
正在完成任务: 30-本日浏览资讯5分钟
>任务成功: 30-本日浏览资讯5分钟
领取任务奖励失败，请重试
正在完成任务: 31-本日观看直播5分钟
>任务成功: 31-本日观看直播5分钟
领取任务奖励失败，请重试
领取任务奖励失败，请重试
正在完成任务: 34-本日分享资讯到社交网络
>任务成功: 34-本日分享资讯到社交网络
领取任务奖励失败，请重试
正在完成任务: 35-本周分享战绩周报到社交网络
>任务成功: 35-本周分享战绩周报到社交网络
领取任务奖励失败，请重试
正在完成任务: 36-观看PEL赛事直播5分钟
>任务成功: 36-观看PEL赛事直播5分钟
领取任务奖励失败，请重试
##########################################
2025-12-19 00:33:26
签到失败，请重试
正在完成任务: 26-本日通过和平营地启动1次游戏
>任务失败: 26-本日通过和平营地启动1次游戏
正在完成任务: 27-本日取胜1局计分模式（前五）
>任务失败: 27-本日取胜1局计分模式（前五）
正在完成任务: 28-本日为资讯点赞3次
>任务成功: 28-本日为资讯点赞3次
领取任务奖励失败，请重试
正在完成任务: 29-本日为动态点赞3次
>任务成功: 29-本日为动态点赞3次
领取任务奖励失败，请重试
领取任务奖励失败，请重试
正在完成任务: 31-本日观看直播5分钟
>任务成功: 31-本日观看直播5分钟
领取任务奖励失败，请重试
领取任务奖励失败，请重试
正在完成任务: 34-本日分享资讯到社交网络
>任务成功: 34-本日分享资讯到社交网络
领取任务奖励失败，请重试
领取任务奖励失败，请重试
正在完成任务: 36-观看PEL赛事直播5分钟
>任务成功: 36-观看PEL赛事直播5分钟
领取任务奖励失败，请重试
##########################################
2025-12-20 00:29:39
签到失败，请重试
>正在清理点赞: 1103952763
>清赞成功
>正在清理点赞: 1103952342
>清赞成功
正在完成任务: 26-本日通过和平营地启动1次游戏
>任务失败: 26-本日通过和平营地启动1次游戏
正在完成任务: 27-本日取胜1局计分模式（前五）
>任务失败: 27-本日取胜1局计分模式（前五）
正在完成任务: 28-本日为资讯点赞3次
>任务成功: 28-本日为资讯点赞3次
领取任务奖励失败，请重试
正在完成任务: 29-本日为动态点赞3次
>任务成功: 29-本日为动态点赞3次
领取任务奖励失败，请重试
正在完成任务: 30-本日浏览资讯5分钟
>任务成功: 30-本日浏览资讯5分钟
领取任务奖励失败，请重试
正在完成任务: 31-本日观看直播5分钟
>任务成功: 31-本日观看直播5分钟
领取任务奖励失败，请重试
领取任务奖励失败，请重试
正在完成任务: 34-本日分享资讯到社交网络
>任务成功: 34-本日分享资讯到社交网络
领取任务奖励失败，请重试
领取任务奖励失败，请重试
正在完成任务: 36-观看PEL赛事直播5分钟
>任务成功: 36-观看PEL赛事直播5分钟
领取任务奖励失败，请重试
##########################################
2025-12-21 00:26:53
签到失败，请重试
正在完成任务: 26-本日通过和平营地启动1次游戏
>任务失败: 26-本日通过和平营地启动1次游戏
正在完成任务: 27-本日取胜1局计分模式（前五）
>任务失败: 27-本日取胜1局计分模式（前五）
正在完成任务: 28-本日为资讯点赞3次
>任务成功: 28-本日为资讯点赞3次
领取任务奖励失败，请重试
正在完成任务: 29-本日为动态点赞3次
>任务成功: 29-本日为动态点赞3次
领取任务奖励失败，请重试
正在完成任务: 30-本日浏览资讯5分钟
>任务成功: 30-本日浏览资讯5分钟
领取任务奖励失败，请重试
正在完成任务: 31-本日观看直播5分钟
>任务成功: 31-本日观看直播5分钟
领取任务奖励失败，请重试
领取任务奖励失败，请重试
领取任务奖励失败，请重试
领取任务奖励失败，请重试
正在完成任务: 36-观看PEL赛事直播5分钟
>任务成功: 36-观看PEL赛事直播5分钟
领取任务奖励失败，请重试
##########################################
2025-12-22 00:26:40
签到失败，请重试
正在完成任务: 26-本日通过和平营地启动1次游戏
>任务失败: 26-本日通过和平营地启动1次游戏
正在完成任务: 27-本日取胜1局计分模式（前五）
>任务失败: 27-本日取胜1局计分模式（前五）
正在完成任务: 28-本日为资讯点赞3次
>任务成功: 28-本日为资讯点赞3次
领取任务奖励失败，请重试
正在完成任务: 29-本日为动态点赞3次
>任务成功: 29-本日为动态点赞3次
领取任务奖励失败，请重试
正在完成任务: 30-本日浏览资讯5分钟
>任务成功: 30-本日浏览资讯5分钟
领取任务奖励失败，请重试
正在完成任务: 31-本日观看直播5分钟
>任务成功: 31-本日观看直播5分钟
领取任务奖励失败，请重试
领取任务奖励失败，请重试
正在完成任务: 34-本日分享资讯到社交网络
>任务成功: 34-本日分享资讯到社交网络
领取任务奖励失败，请重试
正在完成任务: 35-本周分享战绩周报到社交网络
>任务成功: 35-本周分享战绩周报到社交网络
领取任务奖励失败，请重试
正在完成任务: 36-观看PEL赛事直播5分钟
>任务成功: 36-观看PEL赛事直播5分钟
领取任务奖励失败，请重试
##########################################
2025-12-23 00:29:35
签到失败，请重试
正在完成任务: 26-本日通过和平营地启动1次游戏
>任务失败: 26-本日通过和平营地启动1次游戏
正在完成任务: 27-本日取胜1局计分模式（前五）
>任务失败: 27-本日取胜1局计分模式（前五）
正在完成任务: 28-本日为资讯点赞3次
>任务成功: 28-本日为资讯点赞3次
领取任务奖励失败，请重试
正在完成任务: 29-本日为动态点赞3次
>任务成功: 29-本日为动态点赞3次
领取任务奖励失败，请重试
正在完成任务: 30-本日浏览资讯5分钟
>任务成功: 30-本日浏览资讯5分钟
领取任务奖励失败，请重试
正在完成任务: 31-本日观看直播5分钟
>任务成功: 31-本日观看直播5分钟
领取任务奖励失败，请重试
领取任务奖励失败，请重试
正在完成任务: 34-本日分享资讯到社交网络
>任务成功: 34-本日分享资讯到社交网络
领取任务奖励失败，请重试
正在完成任务: 35-本周分享战绩周报到社交网络
>任务成功: 35-本周分享战绩周报到社交网络
领取任务奖励失败，请重试
正在完成任务: 36-观看PEL赛事直播5分钟
>任务成功: 36-观看PEL赛事直播5分钟
领取任务奖励失败，请重试
##########################################
2025-12-24 00:30:39
签到失败，请重试
>正在清理点赞: 1103953274
>清赞成功
正在完成任务: 26-本日通过和平营地启动1次游戏
>任务失败: 26-本日通过和平营地启动1次游戏
正在完成任务: 27-本日取胜1局计分模式（前五）
>任务失败: 27-本日取胜1局计分模式（前五）
正在完成任务: 28-本日为资讯点赞3次
>任务成功: 28-本日为资讯点赞3次
领取任务奖励失败，请重试
正在完成任务: 29-本日为动态点赞3次
>任务成功: 29-本日为动态点赞3次
领取任务奖励失败，请重试
正在完成任务: 30-本日浏览资讯5分钟
>任务成功: 30-本日浏览资讯5分钟
领取任务奖励失败，请重试
正在完成任务: 31-本日观看直播5分钟
>任务成功: 31-本日观看直播5分钟
领取任务奖励失败，请重试
领取任务奖励失败，请重试
正在完成任务: 34-本日分享资讯到社交网络
>任务成功: 34-本日分享资讯到社交网络
领取任务奖励失败，请重试
正在完成任务: 35-本周分享战绩周报到社交网络
>任务成功: 35-本周分享战绩周报到社交网络
领取任务奖励失败，请重试
正在完成任务: 36-观看PEL赛事直播5分钟
>任务成功: 36-观看PEL赛事直播5分钟
领取任务奖励失败，请重试
